<?xml version="1.0" encoding="UTF-8"?>
<testsuite xmlns:xsi="http://www.w3.org/2001/XMLSchema-instance" xsi:noNamespaceSchemaLocation="https://maven.apache.org/surefire/maven-surefire-plugin/xsd/surefire-test-report.xsd" name="com.example.kafka.KafkaProducerDemoTest" time="3.67" tests="32" errors="0" skipped="0" failures="0">
  <properties>
[...]
</properties>
  <testcase name="testApplicationContextLoads" classname="com.example.kafka.KafkaProducerDemoTest$ApplicationContextTest" time="0.207"/>
  <testcase name="testServiceInitialization" classname="com.example.kafka.KafkaProducerDemoTest$ApplicationContextTest" time="0.003"/>
  <testcase name="testProducerFactoryBean" classname="com.example.kafka.KafkaProducerDemoTest$ConfigurationTest" time="0.002"/>
  <testcase name="testKafkaTemplateBean" classname="com.example.kafka.KafkaProducerDemoTest$ConfigurationTest" time="0.001"/>
  <testcase name="testSendStringMessage_MissingParameters" classname="com.example.kafka.KafkaProducerDemoTest$MessageControllerTest" time="0.092"/>
  <testcase name="testSendKeyedMessage_MissingParameters" classname="com.example.kafka.KafkaProducerDemoTest$MessageControllerTest" time="0.003"/>
  <testcase name="testHealthCheck_Healthy" classname="com.example.kafka.KafkaProducerDemoTest$MessageControllerTest" time="0.073"/>
  <testcase name="testSendJsonMessage_Error" classname="com.example.kafka.KafkaProducerDemoTest$MessageControllerTest" time="0.027"/>
  <testcase name="testSendStringMessage_Error" classname="com.example.kafka.KafkaProducerDemoTest$MessageControllerTest" time="0.005"/>
  <testcase name="testHealthCheck_Unhealthy" classname="com.example.kafka.KafkaProducerDemoTest$MessageControllerTest" time="0.004"/>
  <testcase name="testSendKeyedMessage_Error" classname="com.example.kafka.KafkaProducerDemoTest$MessageControllerTest" time="0.004"/>
  <testcase name="testGetHelp" classname="com.example.kafka.KafkaProducerDemoTest$MessageControllerTest" time="0.003"/>
  <testcase name="testSendStringMessage_Success" classname="com.example.kafka.KafkaProducerDemoTest$MessageControllerTest" time="0.005"/>
  <testcase name="testSendJsonMessage_Success" classname="com.example.kafka.KafkaProducerDemoTest$MessageControllerTest" time="0.005"/>
  <testcase name="testHealthCheck_Error" classname="com.example.kafka.KafkaProducerDemoTest$MessageControllerTest" time="0.004"/>
  <testcase name="testSendJsonMessage_EmptyPayload" classname="com.example.kafka.KafkaProducerDemoTest$MessageControllerTest" time="0.003"/>
  <testcase name="testSendKeyedMessage_Success" classname="com.example.kafka.KafkaProducerDemoTest$MessageControllerTest" time="0.003"/>
  <testcase name="testSendMessage_WhitespaceOnlyTopic_ThrowsException" classname="com.example.kafka.KafkaProducerDemoTest$KafkaMessageProducerServiceTest" time="0.015"/>
  <testcase name="testSendMessage_NullKey_Success" classname="com.example.kafka.KafkaProducerDemoTest$KafkaMessageProducerServiceTest" time="0.007"/>
  <testcase name="testInvalidTopicNames" classname="com.example.kafka.KafkaProducerDemoTest$KafkaMessageProducerServiceTest" time="0.004"/>
  <testcase name="testSendMessage_Success" classname="com.example.kafka.KafkaProducerDemoTest$KafkaMessageProducerServiceTest" time="0.004"/>
  <testcase name="testIsKafkaAvailable_WhenTemplateIsAvailable" classname="com.example.kafka.KafkaProducerDemoTest$KafkaMessageProducerServiceTest" time="0.003"/>
  <testcase name="testSendStringMessage" classname="com.example.kafka.KafkaProducerDemoTest$KafkaMessageProducerServiceTest" time="0.004"/>
  <testcase name="testSendMessage_InvalidTopicName_ThrowsException" classname="com.example.kafka.KafkaProducerDemoTest$KafkaMessageProducerServiceTest" time="0.002"/>
  <testcase name="testSendMessage_NullTopic_ThrowsException" classname="com.example.kafka.KafkaProducerDemoTest$KafkaMessageProducerServiceTest" time="0.002"/>
  <testcase name="testSendMessageWithTimestampKey" classname="com.example.kafka.KafkaProducerDemoTest$KafkaMessageProducerServiceTest" time="0.005"/>
  <testcase name="testSendMessage_NullMessage_ThrowsException" classname="com.example.kafka.KafkaProducerDemoTest$KafkaMessageProducerServiceTest" time="0.002"/>
  <testcase name="testSendMessage_EmptyTopic_ThrowsException" classname="com.example.kafka.KafkaProducerDemoTest$KafkaMessageProducerServiceTest" time="0.003"/>
  <testcase name="testValidTopicNames" classname="com.example.kafka.KafkaProducerDemoTest$KafkaMessageProducerServiceTest" time="0.007"/>
  <testcase name="testSendMessage_KafkaTemplateThrowsException" classname="com.example.kafka.KafkaProducerDemoTest$KafkaMessageProducerServiceTest" time="0.008"/>
  <testcase name="testSendMessage_DifferentMessageTypes" classname="com.example.kafka.KafkaProducerDemoTest$KafkaMessageProducerServiceTest" time="0.009"/>
  <testcase name="testIsKafkaAvailable_WhenTemplateIsNull" classname="com.example.kafka.KafkaProducerDemoTest$KafkaMessageProducerServiceTest" time="0.002"/>
</testsuite>